<?xml version="1.0" encoding="UTF-8"?>
<!-- Generated by org.testng.reporters.JUnitReportReporter -->
<testsuite hostname="DESKTOP-BFV7AEF" failures="0" tests="1" name="com.shopify.login.Login" time="34.715" errors="0" timestamp="2024-06-10T23:27:44 IST" skipped="0">
  <testcase classname="com.shopify.login.Login" name="login" time="34.715"/>
  <system-out/>
</testsuite> <!-- com.shopify.login.Login -->
