<?xml version="1.0" encoding="UTF-8"?>
<!-- Generated by org.testng.reporters.JUnitReportReporter -->
<testsuite hostname="DESKTOP-BFV7AEF" failures="0" tests="2" name="com.shopify.testcases.Home" time="5.806" errors="0" timestamp="2024-06-10T23:27:44 IST" skipped="0">
  <testcase classname="com.shopify.testcases.Home" name="tc1_ValidateHomePage" time="5.623"/>
  <system-out/>
  <testcase classname="com.shopify.testcases.Home" name="tc2_ValidateExpandCollapseButton" time="0.183"/>
  <system-out/>
</testsuite> <!-- com.shopify.testcases.Home -->
